<?xml version="1.0" encoding="UTF-8"?>
<testng-results skipped="0" failed="1" total="2" passed="1">
  <reporter-output>
  </reporter-output>
  <suite name="Default suite" duration-ms="27025" started-at="2017-12-10T15:54:56Z" finished-at="2017-12-10T15:55:23Z">
    <groups>
    </groups>
    <test name="Default test" duration-ms="27025" started-at="2017-12-10T15:54:56Z" finished-at="2017-12-10T15:55:23Z">
      <class name="com.selenium.extentreports.HandleExtentReports">
        <test-method status="PASS" signature="setExtent()[pri:0, instance:com.selenium.extentreports.HandleExtentReports@6a4f787b]" name="setExtent" is-config="true" duration-ms="158" started-at="2017-12-10T21:24:56Z" finished-at="2017-12-10T21:24:56Z">
          <reporter-output>
          </reporter-output>
        </test-method> <!-- setExtent -->
        <test-method status="PASS" signature="launchAPP()[pri:0, instance:com.selenium.extentreports.HandleExtentReports@6a4f787b]" name="launchAPP" is-config="true" duration-ms="9917" started-at="2017-12-10T21:24:56Z" finished-at="2017-12-10T21:25:06Z">
          <reporter-output>
          </reporter-output>
        </test-method> <!-- launchAPP -->
        <test-method status="PASS" signature="freecrmlogo()[pri:0, instance:com.selenium.extentreports.HandleExtentReports@6a4f787b]" name="freecrmlogo" duration-ms="369" started-at="2017-12-10T21:25:06Z" finished-at="2017-12-10T21:25:06Z">
          <reporter-output>
          </reporter-output>
        </test-method> <!-- freecrmlogo -->
        <test-method status="PASS" signature="teardown(org.testng.ITestResult)[pri:0, instance:com.selenium.extentreports.HandleExtentReports@6a4f787b]" name="teardown" is-config="true" duration-ms="530" started-at="2017-12-10T21:25:06Z" finished-at="2017-12-10T21:25:07Z">
          <params>
            <param index="0">
              <value>
                <![CDATA[[TestResult name=freecrmlogo status=SUCCESS method=HandleExtentReports.freecrmlogo()[pri:0, instance:com.selenium.extentreports.HandleExtentReports@6a4f787b] output={null}]]]>
              </value>
            </param>
          </params>
          <reporter-output>
          </reporter-output>
        </test-method> <!-- teardown -->
        <test-method status="PASS" signature="launchAPP()[pri:0, instance:com.selenium.extentreports.HandleExtentReports@6a4f787b]" name="launchAPP" is-config="true" duration-ms="13966" started-at="2017-12-10T21:25:07Z" finished-at="2017-12-10T21:25:21Z">
          <reporter-output>
          </reporter-output>
        </test-method> <!-- launchAPP -->
        <test-method status="FAIL" signature="freecrmtest()[pri:0, instance:com.selenium.extentreports.HandleExtentReports@6a4f787b]" name="freecrmtest" duration-ms="119" started-at="2017-12-10T21:25:21Z" finished-at="2017-12-10T21:25:21Z">
          <exception class="java.lang.AssertionError">
            <message>
              <![CDATA[expected [#1  prsfert Free CRM for Any Business: Online Customer Relationship Software] but found [#1 Free CRM for Any Business: Online Customer Relationship Software]]]>
            </message>
            <full-stacktrace>
              <![CDATA[java.lang.AssertionError: expected [#1  prsfert Free CRM for Any Business: Online Customer Relationship Software] but found [#1 Free CRM for Any Business: Online Customer Relationship Software]
	at org.testng.Assert.fail(Assert.java:94)
	at org.testng.Assert.failNotEquals(Assert.java:496)
	at org.testng.Assert.assertEquals(Assert.java:125)
	at org.testng.Assert.assertEquals(Assert.java:178)
	at org.testng.Assert.assertEquals(Assert.java:188)
	at com.selenium.extentreports.HandleExtentReports.freecrmtest(HandleExtentReports.java:82)
	at sun.reflect.NativeMethodAccessorImpl.invoke0(Native Method)
	at sun.reflect.NativeMethodAccessorImpl.invoke(NativeMethodAccessorImpl.java:62)
	at sun.reflect.DelegatingMethodAccessorImpl.invoke(DelegatingMethodAccessorImpl.java:43)
	at java.lang.reflect.Method.invoke(Method.java:498)
	at org.testng.internal.MethodInvocationHelper.invokeMethod(MethodInvocationHelper.java:85)
	at org.testng.internal.Invoker.invokeMethod(Invoker.java:639)
	at org.testng.internal.Invoker.invokeTestMethod(Invoker.java:816)
	at org.testng.internal.Invoker.invokeTestMethods(Invoker.java:1124)
	at org.testng.internal.TestMethodWorker.invokeTestMethods(TestMethodWorker.java:125)
	at org.testng.internal.TestMethodWorker.run(TestMethodWorker.java:108)
	at org.testng.TestRunner.privateRun(TestRunner.java:774)
	at org.testng.TestRunner.run(TestRunner.java:624)
	at org.testng.SuiteRunner.runTest(SuiteRunner.java:359)
	at org.testng.SuiteRunner.runSequentially(SuiteRunner.java:354)
	at org.testng.SuiteRunner.privateRun(SuiteRunner.java:312)
	at org.testng.SuiteRunner.run(SuiteRunner.java:261)
	at org.testng.SuiteRunnerWorker.runSuite(SuiteRunnerWorker.java:52)
	at org.testng.SuiteRunnerWorker.run(SuiteRunnerWorker.java:86)
	at org.testng.TestNG.runSuitesSequentially(TestNG.java:1191)
	at org.testng.TestNG.runSuitesLocally(TestNG.java:1116)
	at org.testng.TestNG.run(TestNG.java:1024)
	at org.testng.remote.AbstractRemoteTestNG.run(AbstractRemoteTestNG.java:114)
	at org.testng.remote.RemoteTestNG.initAndRun(RemoteTestNG.java:251)
	at org.testng.remote.RemoteTestNG.main(RemoteTestNG.java:77)
]]>
            </full-stacktrace>
          </exception> <!-- java.lang.AssertionError -->
          <reporter-output>
          </reporter-output>
        </test-method> <!-- freecrmtest -->
        <test-method status="PASS" signature="teardown(org.testng.ITestResult)[pri:0, instance:com.selenium.extentreports.HandleExtentReports@6a4f787b]" name="teardown" is-config="true" duration-ms="1666" started-at="2017-12-10T21:25:21Z" finished-at="2017-12-10T21:25:22Z">
          <params>
            <param index="0">
              <value>
                <![CDATA[[TestResult name=freecrmtest status=FAILURE method=HandleExtentReports.freecrmtest()[pri:0, instance:com.selenium.extentreports.HandleExtentReports@6a4f787b] output={null}]]]>
              </value>
            </param>
          </params>
          <reporter-output>
          </reporter-output>
        </test-method> <!-- teardown -->
        <test-method status="PASS" signature="endReport()[pri:0, instance:com.selenium.extentreports.HandleExtentReports@6a4f787b]" name="endReport" is-config="true" duration-ms="281" started-at="2017-12-10T21:25:22Z" finished-at="2017-12-10T21:25:23Z">
          <reporter-output>
          </reporter-output>
        </test-method> <!-- endReport -->
      </class> <!-- com.selenium.extentreports.HandleExtentReports -->
    </test> <!-- Default test -->
  </suite> <!-- Default suite -->
</testng-results>
